<?xml version="1.0" encoding="UTF-8"?>
<testsuite name="CalculadoraTest" tests="6" skipped="0" failures="0" errors="0" timestamp="2023-10-31T00:33:29" hostname="LAPTOP-BIUBFI1T" time="0.037">
  <properties/>
  <testcase name="subtrair()" classname="CalculadoraTest" time="0.024"/>
  <testcase name="somar()" classname="CalculadoraTest" time="0.001"/>
  <testcase name="multiplicar()" classname="CalculadoraTest" time="0.0"/>
  <testcase name="potencia()" classname="CalculadoraTest" time="0.001"/>
  <testcase name="dividir()" classname="CalculadoraTest" time="0.002"/>
  <testcase name="raizQuadrada()" classname="CalculadoraTest" time="0.001"/>
  <system-out><![CDATA[]]></system-out>
  <system-err><![CDATA[]]></system-err>
</testsuite>
